2022.10.04 11:21:38 INFO  tracing is disabled for protocol LSP, to enable tracing of incoming and outgoing JSON messages create an empty file at /Users/marijalazaroska/Desktop/FoundationsOfSoftware/1-arithmetic/.metals/lsp.trace.json or /Users/marijalazaroska/Library/Caches/org.scalameta.metals/lsp.trace.json
2022.10.04 11:21:39 INFO  logging to file /Users/marijalazaroska/Desktop/FoundationsOfSoftware/1-arithmetic/.metals/metals.log
2022.10.04 11:21:39 INFO  Started: Metals version 0.11.8 in workspace '/Users/marijalazaroska/Desktop/FoundationsOfSoftware/1-arithmetic' for client Visual Studio Code 1.68.0.
2022.10.04 11:21:41 WARN  Flyway upgrade recommended: H2 2.1.214 is newer than this version of Flyway and support has not been tested. The latest supported version of H2 is 2.1.210.
2022.10.04 11:21:42 INFO  time: initialize in 2.73s
2022.10.04 11:21:47 WARN  Build server is not auto-connectable.
2022.10.04 11:21:58 INFO  no build target found for /Users/marijalazaroska/Desktop/FoundationsOfSoftware/1-arithmetic/src/main/scala/fos/fos.worksheet.sc. Using presentation compiler with project's scala-library version: 3.1.3
[31merror[39m: src/main/scala/fos/fos.worksheet.sc:1:8: 
Not found: fos
import fos.Arithmetic._
       ^^^
[31merror[39m: src/main/scala/fos/fos.worksheet.sc:1:8: 
(<error Not found: fos>#Arithmetic : <error Not found: fos>) is not a valid import prefix, since it is not an immutable path
import fos.Arithmetic._
       ^^^^^^^^^^^^^^
[31merror[39m: src/main/scala/fos/fos.worksheet.sc:1:8: 
(<error Not found: fos>#Arithmetic : <error Not found: fos>) is not a legal path
since it is not a concrete type
import fos.Arithmetic._
       ^^^^^^^^^^^^^^
[31merror[39m: src/main/scala/fos/fos.worksheet.sc:1:8: 
import prefix is not a pure expression
import fos.Arithmetic._
       ^^^^^^^^^^^^^^
[31merror[39m: 
fos.worksheet.sc:8 (mdoc generated code) 
 Reference to $doc is ambiguous,
it is both defined in object MdocSession
and imported subsequently by import (<error Not found: fos>#Arithmetic : <error Not found: fos>)._
    $doc.endStatement();


[31merror[39m: 
fos.worksheet.sc:9 (mdoc generated code) 
 Reference to $doc is ambiguous,
it is both defined in object MdocSession
and imported subsequently by import (<error Not found: fos>#Arithmetic : <error Not found: fos>)._
    $doc.startStatement(1, 0, 1, 49);


[31merror[39m: src/main/scala/fos/fos.worksheet.sc:2:30: 
(<error Not found: fos>#Arithmetic.lexical : <error Not found: fos>) is not a valid type prefix, since it is not an immutable path
def input(str: String) = new lexical.Scanner(str)
                             ^^^^^^^
[31merror[39m: 
fos.worksheet.sc:11 (mdoc generated code) 
 Reference to $doc is ambiguous,
it is both defined in object MdocSession
and imported subsequently by import (<error Not found: fos>#Arithmetic : <error Not found: fos>)._
    $doc.endStatement();


[31merror[39m: 
fos.worksheet.sc:12 (mdoc generated code) 
 Reference to $doc is ambiguous,
it is both defined in object MdocSession
and imported subsequently by import (<error Not found: fos>#Arithmetic : <error Not found: fos>)._
    $doc.startStatement(2, 0, 3, 30);


[31merror[39m: src/main/scala/fos/fos.worksheet.sc:3:35: 
<error Not found: fos>#Arithmetic.Parser does not take type parameters
def parse[T](str: String, parser: Parser[T]) =
                                  ^^^^^^^^^
[31merror[39m: 
fos.worksheet.sc:15 (mdoc generated code) 
 Reference to $doc is ambiguous,
it is both defined in object MdocSession
and imported subsequently by import (<error Not found: fos>#Arithmetic : <error Not found: fos>)._
    $doc.endStatement();


[31merror[39m: 
fos.worksheet.sc:16 (mdoc generated code) 
 Reference to $doc is ambiguous,
it is both defined in object MdocSession
and imported subsequently by import (<error Not found: fos>#Arithmetic : <error Not found: fos>)._
    $doc.startStatement(5, 0, 5, 26);


[31merror[39m: 
fos.worksheet.sc:19 (mdoc generated code) 
 Reference to $doc is ambiguous,
it is both defined in object MdocSession
and imported subsequently by import (<error Not found: fos>#Arithmetic : <error Not found: fos>)._
    $doc.binder(res0, 5, 0, 5, 26);


[31merror[39m: 
fos.worksheet.sc:20 (mdoc generated code) 
 Reference to $doc is ambiguous,
it is both defined in object MdocSession
and imported subsequently by import (<error Not found: fos>#Arithmetic : <error Not found: fos>)._
    $doc.endStatement();


[31merror[39m: 
fos.worksheet.sc:21 (mdoc generated code) 
 Reference to $doc is ambiguous,
it is both defined in object MdocSession
and imported subsequently by import (<error Not found: fos>#Arithmetic : <error Not found: fos>)._
    $doc.startStatement(6, 0, 6, 23);


[31merror[39m: 
fos.worksheet.sc:24 (mdoc generated code) 
 Reference to $doc is ambiguous,
it is both defined in object MdocSession
and imported subsequently by import (<error Not found: fos>#Arithmetic : <error Not found: fos>)._
    $doc.binder(res1, 6, 0, 6, 23);


[31merror[39m: 
fos.worksheet.sc:25 (mdoc generated code) 
 Reference to $doc is ambiguous,
it is both defined in object MdocSession
and imported subsequently by import (<error Not found: fos>#Arithmetic : <error Not found: fos>)._
    $doc.endStatement();


[31merror[39m: 
fos.worksheet.sc:26 (mdoc generated code) 
 Reference to $doc is ambiguous,
it is both defined in object MdocSession
and imported subsequently by import (<error Not found: fos>#Arithmetic : <error Not found: fos>)._
    $doc.endSection();


2022.10.04 11:22:02 INFO  running '/Users/marijalazaroska/Library/Java/JavaVirtualMachines/corretto-17.0.4.1/Contents/Home/bin/java -Djline.terminal=jline.UnsupportedTerminal -Dsbt.log.noformat=true -Dfile.encoding=UTF-8 -jar /var/folders/x9/4jxg_mms40g3p4cynwgp3wb40000gn/T/metals15398459230262006099/sbt-launch.jar -Dbloop.export-jar-classifiers=sources bloopInstall'
2022.10.04 11:22:02 WARN  no build target for: /Users/marijalazaroska/Desktop/FoundationsOfSoftware/1-arithmetic/project/project/metals.sbt
2022.10.04 11:22:02 WARN  no build target for: /Users/marijalazaroska/Desktop/FoundationsOfSoftware/1-arithmetic/project/metals.sbt
2022.10.04 11:22:02 INFO  skipping build import with status 'Started'
2022.10.04 11:22:04 ERROR WARNING: A terminally deprecated method in java.lang.System has been called
2022.10.04 11:22:04 ERROR WARNING: System::setSecurityManager has been called by sbt.TrapExit$ (file:/Users/marijalazaroska/.sbt/boot/scala-2.12.14/org.scala-sbt/sbt/1.5.5/run_2.12-1.5.5.jar)
2022.10.04 11:22:04 ERROR WARNING: Please consider reporting this to the maintainers of sbt.TrapExit$
2022.10.04 11:22:04 ERROR WARNING: System::setSecurityManager will be removed in a future release
2022.10.04 11:22:04 INFO  [info] welcome to sbt 1.5.5 (Amazon.com Inc. Java 17.0.4.1)
2022.10.04 11:22:06 INFO  no build target found for /Users/marijalazaroska/Desktop/FoundationsOfSoftware/1-arithmetic/src/main/scala/fos/fos.worksheet.sc. Using presentation compiler with project's scala-library version: 3.1.3
2022.10.04 11:22:06 INFO  time: evaluated worksheet 'fos.worksheet.sc' in 19s
2022.10.04 11:22:07 INFO  [info] loading global plugins from /Users/marijalazaroska/.sbt/1.0/plugins
[31merror[39m: src/main/scala/fos/fos.worksheet.sc:1:8: 
Not found: fos
import fos.Arithmetic._
       ^^^
[31merror[39m: src/main/scala/fos/fos.worksheet.sc:1:8: 
(<error Not found: fos>#Arithmetic : <error Not found: fos>) is not a valid import prefix, since it is not an immutable path
import fos.Arithmetic._
       ^^^^^^^^^^^^^^
[31merror[39m: src/main/scala/fos/fos.worksheet.sc:1:8: 
(<error Not found: fos>#Arithmetic : <error Not found: fos>) is not a legal path
since it is not a concrete type
import fos.Arithmetic._
       ^^^^^^^^^^^^^^
[31merror[39m: src/main/scala/fos/fos.worksheet.sc:1:8: 
import prefix is not a pure expression
import fos.Arithmetic._
       ^^^^^^^^^^^^^^
[31merror[39m: 
fos.worksheet.sc:8 (mdoc generated code) 
 Reference to $doc is ambiguous,
it is both defined in object MdocSession
and imported subsequently by import (<error Not found: fos>#Arithmetic : <error Not found: fos>)._
    $doc.endStatement();


[31merror[39m: 
fos.worksheet.sc:9 (mdoc generated code) 
 Reference to $doc is ambiguous,
it is both defined in object MdocSession
and imported subsequently by import (<error Not found: fos>#Arithmetic : <error Not found: fos>)._
    $doc.startStatement(1, 0, 1, 49);


[31merror[39m: src/main/scala/fos/fos.worksheet.sc:2:30: 
(<error Not found: fos>#Arithmetic.lexical : <error Not found: fos>) is not a valid type prefix, since it is not an immutable path
def input(str: String) = new lexical.Scanner(str)
                             ^^^^^^^
[31merror[39m: 
fos.worksheet.sc:11 (mdoc generated code) 
 Reference to $doc is ambiguous,
it is both defined in object MdocSession
and imported subsequently by import (<error Not found: fos>#Arithmetic : <error Not found: fos>)._
    $doc.endStatement();


[31merror[39m: 
fos.worksheet.sc:12 (mdoc generated code) 
 Reference to $doc is ambiguous,
it is both defined in object MdocSession
and imported subsequently by import (<error Not found: fos>#Arithmetic : <error Not found: fos>)._
    $doc.startStatement(2, 0, 3, 30);


[31merror[39m: src/main/scala/fos/fos.worksheet.sc:3:35: 
<error Not found: fos>#Arithmetic.Parser does not take type parameters
def parse[T](str: String, parser: Parser[T]) =
                                  ^^^^^^^^^
[31merror[39m: 
fos.worksheet.sc:15 (mdoc generated code) 
 Reference to $doc is ambiguous,
it is both defined in object MdocSession
and imported subsequently by import (<error Not found: fos>#Arithmetic : <error Not found: fos>)._
    $doc.endStatement();


[31merror[39m: 
fos.worksheet.sc:16 (mdoc generated code) 
 Reference to $doc is ambiguous,
it is both defined in object MdocSession
and imported subsequently by import (<error Not found: fos>#Arithmetic : <error Not found: fos>)._
    $doc.startStatement(5, 0, 5, 26);


[31merror[39m: 
fos.worksheet.sc:19 (mdoc generated code) 
 Reference to $doc is ambiguous,
it is both defined in object MdocSession
and imported subsequently by import (<error Not found: fos>#Arithmetic : <error Not found: fos>)._
    $doc.binder(res0, 5, 0, 5, 26);


[31merror[39m: 
fos.worksheet.sc:20 (mdoc generated code) 
 Reference to $doc is ambiguous,
it is both defined in object MdocSession
and imported subsequently by import (<error Not found: fos>#Arithmetic : <error Not found: fos>)._
    $doc.endStatement();


[31merror[39m: 
fos.worksheet.sc:21 (mdoc generated code) 
 Reference to $doc is ambiguous,
it is both defined in object MdocSession
and imported subsequently by import (<error Not found: fos>#Arithmetic : <error Not found: fos>)._
    $doc.startStatement(6, 0, 6, 23);


[31merror[39m: 
fos.worksheet.sc:24 (mdoc generated code) 
 Reference to $doc is ambiguous,
it is both defined in object MdocSession
and imported subsequently by import (<error Not found: fos>#Arithmetic : <error Not found: fos>)._
    $doc.binder(res1, 6, 0, 6, 23);


[31merror[39m: 
fos.worksheet.sc:25 (mdoc generated code) 
 Reference to $doc is ambiguous,
it is both defined in object MdocSession
and imported subsequently by import (<error Not found: fos>#Arithmetic : <error Not found: fos>)._
    $doc.endStatement();


[31merror[39m: 
fos.worksheet.sc:26 (mdoc generated code) 
 Reference to $doc is ambiguous,
it is both defined in object MdocSession
and imported subsequently by import (<error Not found: fos>#Arithmetic : <error Not found: fos>)._
    $doc.endSection();


2022.10.04 11:22:14 INFO  time: evaluated worksheet 'fos.worksheet.sc' in 0.99s
2022.10.04 11:22:16 INFO  [info] loading settings for project root-1-arithmetic-build-build from metals.sbt ...
2022.10.04 11:22:16 INFO  [info] loading project definition from /Users/marijalazaroska/Desktop/FoundationsOfSoftware/1-arithmetic/project/project
2022.10.04 11:22:20 INFO  [info] loading settings for project root-1-arithmetic-build from metals.sbt ...
2022.10.04 11:22:20 INFO  [info] loading project definition from /Users/marijalazaroska/Desktop/FoundationsOfSoftware/1-arithmetic/project
2022.10.04 11:22:24 INFO  [success] Generated .bloop/root-1-arithmetic-build.json
2022.10.04 11:22:24 INFO  [success] Total time: 4 s, completed 4 Oct 2022, 11:22:24
2022.10.04 11:22:27 INFO  [info] loading settings for project root-1-arithmetic from build.sbt ...
2022.10.04 11:22:27 INFO  [info] set current project to root-1-arithmetic (in build file:/Users/marijalazaroska/Desktop/FoundationsOfSoftware/1-arithmetic/)
2022.10.04 11:22:28 INFO  [success] Generated .bloop/root-1-arithmetic.json
2022.10.04 11:22:28 INFO  [success] Generated .bloop/root-1-arithmetic-test.json
2022.10.04 11:22:28 INFO  [success] Total time: 1 s, completed 4 Oct 2022, 11:22:28
2022.10.04 11:22:28 INFO  time: ran 'sbt bloopInstall' in 25s
2022.10.04 11:22:28 INFO  Attempting to connect to the build server...
2022.10.04 11:22:28 INFO  Setting up current java home /Users/marijalazaroska/Library/Java/JavaVirtualMachines/corretto-17.0.4.1/Contents/Home in /Users/marijalazaroska/.bloop/bloop.json
2022.10.04 11:22:38 INFO  tracing is disabled for protocol BSP, to enable tracing of incoming and outgoing JSON messages create an empty file at /Users/marijalazaroska/Desktop/FoundationsOfSoftware/1-arithmetic/.metals/bsp.trace.json or /Users/marijalazaroska/Library/Caches/org.scalameta.metals/bsp.trace.json
2022.10.04 11:22:38 INFO  Attempting to connect to the build server...
2022.10.04 11:22:38 INFO  Bloop uses /Users/marijalazaroska/Library/Java/JavaVirtualMachines/corretto-17.0.4.1/Contents/Home defined at /Users/marijalazaroska/.bloop/bloop.json
2022.10.04 11:22:38 INFO  tracing is disabled for protocol BSP, to enable tracing of incoming and outgoing JSON messages create an empty file at /Users/marijalazaroska/Desktop/FoundationsOfSoftware/1-arithmetic/project/.metals/bsp.trace.json or /Users/marijalazaroska/Library/Caches/org.scalameta.metals/bsp.trace.json
2022.10.04 11:22:41 INFO  time: Connected to build server in 13s
2022.10.04 11:22:41 INFO  Connected to Build server: Bloop v1.5.3
2022.10.04 11:22:42 INFO  time: Imported build in 0.27s
2022.10.04 11:22:53 INFO  time: indexed workspace in 11s
2022.10.04 11:22:58 INFO  time: code lens generation in 4.57s
2022.10.04 11:23:16 INFO  compiling root-1-arithmetic (2 scala sources)
2022.10.04 11:23:20 INFO  time: compiled root-1-arithmetic in 4.04s
2022.10.04 11:23:21 INFO  compiling root-1-arithmetic (2 scala sources)
2022.10.04 11:23:23 INFO  time: compiled root-1-arithmetic in 1.24s
[31merror[39m: src/main/scala/fos/fos.worksheet.sc:1:8: 
Not found: fos
import fos.Arithmetic._
       ^^^
[31merror[39m: src/main/scala/fos/fos.worksheet.sc:1:8: 
(<error Not found: fos>#Arithmetic : <error Not found: fos>) is not a valid import prefix, since it is not an immutable path
import fos.Arithmetic._
       ^^^^^^^^^^^^^^
[31merror[39m: src/main/scala/fos/fos.worksheet.sc:1:8: 
(<error Not found: fos>#Arithmetic : <error Not found: fos>) is not a legal path
since it is not a concrete type
import fos.Arithmetic._
       ^^^^^^^^^^^^^^
[31merror[39m: src/main/scala/fos/fos.worksheet.sc:1:8: 
import prefix is not a pure expression
import fos.Arithmetic._
       ^^^^^^^^^^^^^^
[31merror[39m: 
fos.worksheet.sc:8 (mdoc generated code) 
 Reference to $doc is ambiguous,
it is both defined in object MdocSession
and imported subsequently by import (<error Not found: fos>#Arithmetic : <error Not found: fos>)._
    $doc.endStatement();


[31merror[39m: 
fos.worksheet.sc:9 (mdoc generated code) 
 Reference to $doc is ambiguous,
it is both defined in object MdocSession
and imported subsequently by import (<error Not found: fos>#Arithmetic : <error Not found: fos>)._
    $doc.startStatement(1, 0, 1, 49);


[31merror[39m: src/main/scala/fos/fos.worksheet.sc:2:30: 
(<error Not found: fos>#Arithmetic.lexical : <error Not found: fos>) is not a valid type prefix, since it is not an immutable path
def input(str: String) = new lexical.Scanner(str)
                             ^^^^^^^
[31merror[39m: 
fos.worksheet.sc:11 (mdoc generated code) 
 Reference to $doc is ambiguous,
it is both defined in object MdocSession
and imported subsequently by import (<error Not found: fos>#Arithmetic : <error Not found: fos>)._
    $doc.endStatement();


[31merror[39m: 
fos.worksheet.sc:12 (mdoc generated code) 
 Reference to $doc is ambiguous,
it is both defined in object MdocSession
and imported subsequently by import (<error Not found: fos>#Arithmetic : <error Not found: fos>)._
    $doc.startStatement(2, 0, 3, 30);


[31merror[39m: src/main/scala/fos/fos.worksheet.sc:3:35: 
<error Not found: fos>#Arithmetic.Parser does not take type parameters
def parse[T](str: String, parser: Parser[T]) =
                                  ^^^^^^^^^
[31merror[39m: 
fos.worksheet.sc:15 (mdoc generated code) 
 Reference to $doc is ambiguous,
it is both defined in object MdocSession
and imported subsequently by import (<error Not found: fos>#Arithmetic : <error Not found: fos>)._
    $doc.endStatement();


[31merror[39m: 
fos.worksheet.sc:16 (mdoc generated code) 
 Reference to $doc is ambiguous,
it is both defined in object MdocSession
and imported subsequently by import (<error Not found: fos>#Arithmetic : <error Not found: fos>)._
    $doc.startStatement(5, 0, 5, 26);


[31merror[39m: 
fos.worksheet.sc:19 (mdoc generated code) 
 Reference to $doc is ambiguous,
it is both defined in object MdocSession
and imported subsequently by import (<error Not found: fos>#Arithmetic : <error Not found: fos>)._
    $doc.binder(res0, 5, 0, 5, 26);


[31merror[39m: 
fos.worksheet.sc:20 (mdoc generated code) 
 Reference to $doc is ambiguous,
it is both defined in object MdocSession
and imported subsequently by import (<error Not found: fos>#Arithmetic : <error Not found: fos>)._
    $doc.endStatement();


[31merror[39m: 
fos.worksheet.sc:21 (mdoc generated code) 
 Reference to $doc is ambiguous,
it is both defined in object MdocSession
and imported subsequently by import (<error Not found: fos>#Arithmetic : <error Not found: fos>)._
    $doc.startStatement(6, 0, 6, 23);


[31merror[39m: 
fos.worksheet.sc:24 (mdoc generated code) 
 Reference to $doc is ambiguous,
it is both defined in object MdocSession
and imported subsequently by import (<error Not found: fos>#Arithmetic : <error Not found: fos>)._
    $doc.binder(res1, 6, 0, 6, 23);


[31merror[39m: 
fos.worksheet.sc:25 (mdoc generated code) 
 Reference to $doc is ambiguous,
it is both defined in object MdocSession
and imported subsequently by import (<error Not found: fos>#Arithmetic : <error Not found: fos>)._
    $doc.endStatement();


[31merror[39m: 
fos.worksheet.sc:26 (mdoc generated code) 
 Reference to $doc is ambiguous,
it is both defined in object MdocSession
and imported subsequently by import (<error Not found: fos>#Arithmetic : <error Not found: fos>)._
    $doc.endSection();


2022.10.04 11:23:29 INFO  time: evaluated worksheet 'fos.worksheet.sc' in 9.34s
2022.10.04 11:23:30 INFO  compiling root-1-arithmetic (2 scala sources)
[31merror[39m: src/main/scala/fos/fos.worksheet.sc:1:8: 
Not found: fos
import fos.Arithmetic._
       ^^^
[31merror[39m: src/main/scala/fos/fos.worksheet.sc:1:8: 
(<error Not found: fos>#Arithmetic : <error Not found: fos>) is not a valid import prefix, since it is not an immutable path
import fos.Arithmetic._
       ^^^^^^^^^^^^^^
[31merror[39m: src/main/scala/fos/fos.worksheet.sc:1:8: 
(<error Not found: fos>#Arithmetic : <error Not found: fos>) is not a legal path
since it is not a concrete type
import fos.Arithmetic._
       ^^^^^^^^^^^^^^
[31merror[39m: src/main/scala/fos/fos.worksheet.sc:1:8: 
import prefix is not a pure expression
import fos.Arithmetic._
       ^^^^^^^^^^^^^^
[31merror[39m: 
fos.worksheet.sc:8 (mdoc generated code) 
 Reference to $doc is ambiguous,
it is both defined in object MdocSession
and imported subsequently by import (<error Not found: fos>#Arithmetic : <error Not found: fos>)._
    $doc.endStatement();


[31merror[39m: 
fos.worksheet.sc:9 (mdoc generated code) 
 Reference to $doc is ambiguous,
it is both defined in object MdocSession
and imported subsequently by import (<error Not found: fos>#Arithmetic : <error Not found: fos>)._
    $doc.startStatement(1, 0, 1, 49);


[31merror[39m: src/main/scala/fos/fos.worksheet.sc:2:30: 
(<error Not found: fos>#Arithmetic.lexical : <error Not found: fos>) is not a valid type prefix, since it is not an immutable path
def input(str: String) = new lexical.Scanner(str)
                             ^^^^^^^
[31merror[39m: 
fos.worksheet.sc:11 (mdoc generated code) 
 Reference to $doc is ambiguous,
it is both defined in object MdocSession
and imported subsequently by import (<error Not found: fos>#Arithmetic : <error Not found: fos>)._
    $doc.endStatement();


[31merror[39m: 
fos.worksheet.sc:12 (mdoc generated code) 
 Reference to $doc is ambiguous,
it is both defined in object MdocSession
and imported subsequently by import (<error Not found: fos>#Arithmetic : <error Not found: fos>)._
    $doc.startStatement(2, 0, 3, 30);


[31merror[39m: src/main/scala/fos/fos.worksheet.sc:3:35: 
<error Not found: fos>#Arithmetic.Parser does not take type parameters
def parse[T](str: String, parser: Parser[T]) =
                                  ^^^^^^^^^
[31merror[39m: 
fos.worksheet.sc:15 (mdoc generated code) 
 Reference to $doc is ambiguous,
it is both defined in object MdocSession
and imported subsequently by import (<error Not found: fos>#Arithmetic : <error Not found: fos>)._
    $doc.endStatement();


[31merror[39m: 
fos.worksheet.sc:16 (mdoc generated code) 
 Reference to $doc is ambiguous,
it is both defined in object MdocSession
and imported subsequently by import (<error Not found: fos>#Arithmetic : <error Not found: fos>)._
    $doc.startStatement(5, 0, 5, 26);


[31merror[39m: 
fos.worksheet.sc:19 (mdoc generated code) 
 Reference to $doc is ambiguous,
it is both defined in object MdocSession
and imported subsequently by import (<error Not found: fos>#Arithmetic : <error Not found: fos>)._
    $doc.binder(res0, 5, 0, 5, 26);


[31merror[39m: 
fos.worksheet.sc:20 (mdoc generated code) 
 Reference to $doc is ambiguous,
it is both defined in object MdocSession
and imported subsequently by import (<error Not found: fos>#Arithmetic : <error Not found: fos>)._
    $doc.endStatement();


[31merror[39m: 
fos.worksheet.sc:21 (mdoc generated code) 
 Reference to $doc is ambiguous,
it is both defined in object MdocSession
and imported subsequently by import (<error Not found: fos>#Arithmetic : <error Not found: fos>)._
    $doc.startStatement(6, 0, 6, 23);


[31merror[39m: 
fos.worksheet.sc:24 (mdoc generated code) 
 Reference to $doc is ambiguous,
it is both defined in object MdocSession
and imported subsequently by import (<error Not found: fos>#Arithmetic : <error Not found: fos>)._
    $doc.binder(res1, 6, 0, 6, 23);


[31merror[39m: 
fos.worksheet.sc:25 (mdoc generated code) 
 Reference to $doc is ambiguous,
it is both defined in object MdocSession
and imported subsequently by import (<error Not found: fos>#Arithmetic : <error Not found: fos>)._
    $doc.endStatement();


[31merror[39m: 
fos.worksheet.sc:26 (mdoc generated code) 
 Reference to $doc is ambiguous,
it is both defined in object MdocSession
and imported subsequently by import (<error Not found: fos>#Arithmetic : <error Not found: fos>)._
    $doc.endSection();


2022.10.04 11:23:31 INFO  time: evaluated worksheet 'fos.worksheet.sc' in 1.22s
2022.10.04 11:23:35 INFO  time: compiled root-1-arithmetic in 5.75s
2022.10.04 11:23:43 INFO  time: evaluated worksheet 'fos.worksheet.sc' in 4.86s
2022.10.04 11:23:54 INFO  time: evaluated worksheet 'fos.worksheet.sc' in 1.71s
Oct 04, 2022 11:23:55 AM org.eclipse.lsp4j.jsonrpc.RemoteEndpoint handleCancellation
WARNING: Unmatched cancel notification for request id 51
2022.10.04 11:24:00 INFO  time: evaluated worksheet 'fos.worksheet.sc' in 1.73s
2022.10.04 11:25:59 INFO  compiling root-1-arithmetic (1 scala source)
2022.10.04 11:26:02 INFO  time: compiled root-1-arithmetic in 2.98s
2022.10.04 11:26:07 INFO  time: evaluated worksheet 'fos.worksheet.sc' in 1.61s
2022.10.04 11:28:07 INFO  compiling root-1-arithmetic (1 scala source)
2022.10.04 11:28:10 INFO  time: compiled root-1-arithmetic in 2.26s
2022.10.04 11:28:41 INFO  compiling root-1-arithmetic (1 scala source)
2022.10.04 11:28:43 INFO  time: compiled root-1-arithmetic in 1.82s
2022.10.04 11:28:47 INFO  time: evaluated worksheet 'fos.worksheet.sc' in 2.06s
2022.10.04 11:29:21 INFO  time: evaluated worksheet 'fos.worksheet.sc' in 1.25s
2022.10.04 11:29:33 INFO  time: evaluated worksheet 'fos.worksheet.sc' in 1.15s
2022.10.04 11:30:25 INFO  time: evaluated worksheet 'fos.worksheet.sc' in 1.39s
2022.10.04 11:30:50 INFO  time: evaluated worksheet 'fos.worksheet.sc' in 1.01s
2022.10.04 11:31:12 INFO  compiling root-1-arithmetic (1 scala source)
2022.10.04 11:31:13 INFO  time: compiled root-1-arithmetic in 1.58s
2022.10.04 11:31:13 INFO  compiling root-1-arithmetic (1 scala source)
2022.10.04 11:31:15 INFO  time: compiled root-1-arithmetic in 1.41s
2022.10.04 11:33:05 INFO  time: evaluated worksheet 'fos.worksheet.sc' in 2.51s
2022.10.04 11:33:11 INFO  compiling root-1-arithmetic (1 scala source)
2022.10.04 11:33:13 INFO  time: compiled root-1-arithmetic in 1.87s
2022.10.04 11:33:23 INFO  time: evaluated worksheet 'fos.worksheet.sc' in 1.59s
2022.10.04 11:33:26 INFO  time: evaluated worksheet 'fos.worksheet.sc' in 1.25s
2022.10.04 11:33:46 INFO  file:///Users/marijalazaroska/Desktop/FoundationsOfSoftware/1-arithmetic/src/main/scala/fos/Arithmetic.scala:26:45: stale bloop warning: match may not be exhaustive.

It would fail on pattern case: ~(_, _)

                          | "iszero"~term^^{case "iszero"~term => IsZero(term)}
                                            ^
2022.10.04 11:33:46 INFO  file:///Users/marijalazaroska/Desktop/FoundationsOfSoftware/1-arithmetic/src/main/scala/fos/Arithmetic.scala:26:45: stale bloop warning: match may not be exhaustive.

It would fail on pattern case: ~(_, _)

                          | "iszero"~term^^{case "iszero"~term => IsZero(term)}
                                            ^
2022.10.04 11:34:20 INFO  compiling root-1-arithmetic (1 scala source)
2022.10.04 11:34:21 INFO  time: compiled root-1-arithmetic in 1.36s
2022.10.04 11:34:29 INFO  time: evaluated worksheet 'fos.worksheet.sc' in 1.31s
2022.10.04 11:34:58 INFO  compiling root-1-arithmetic (1 scala source)
2022.10.04 11:35:00 INFO  time: compiled root-1-arithmetic in 1.94s
2022.10.04 11:35:03 INFO  time: evaluated worksheet 'fos.worksheet.sc' in 1.1s
2022.10.04 11:35:05 INFO  time: evaluated worksheet 'fos.worksheet.sc' in 0.88s
2022.10.04 11:36:08 INFO  compiling root-1-arithmetic (1 scala source)
2022.10.04 11:36:10 INFO  time: compiled root-1-arithmetic in 1.73s
2022.10.04 11:36:40 INFO  compiling root-1-arithmetic (1 scala source)
2022.10.04 11:36:40 INFO  time: compiled root-1-arithmetic in 0.84s
2022.10.04 11:37:30 INFO  compiling root-1-arithmetic (1 scala source)
2022.10.04 11:37:30 INFO  time: compiled root-1-arithmetic in 0.62s
2022.10.04 11:37:33 INFO  time: evaluated worksheet 'fos.worksheet.sc' in 1s
Oct 04, 2022 11:38:15 AM org.eclipse.lsp4j.jsonrpc.RemoteEndpoint handleCancellation
WARNING: Unmatched cancel notification for request id 1047
2022.10.04 11:38:31 INFO  compiling root-1-arithmetic (1 scala source)
2022.10.04 11:38:32 INFO  time: compiled root-1-arithmetic in 1.06s
2022.10.04 11:38:59 INFO  compiling root-1-arithmetic (1 scala source)
2022.10.04 11:38:59 INFO  time: compiled root-1-arithmetic in 0.74s
Oct 04, 2022 11:43:24 AM org.eclipse.lsp4j.jsonrpc.RemoteEndpoint handleCancellation
WARNING: Unmatched cancel notification for request id 1330
Oct 04, 2022 11:44:00 AM org.eclipse.lsp4j.jsonrpc.RemoteEndpoint handleCancellation
WARNING: Unmatched cancel notification for request id 1462
2022.10.04 11:44:23 INFO  compiling root-1-arithmetic (1 scala source)
2022.10.04 11:44:23 INFO  time: compiled root-1-arithmetic in 0.35s
2022.10.04 11:45:09 INFO  compiling root-1-arithmetic (1 scala source)
2022.10.04 11:45:10 INFO  time: compiled root-1-arithmetic in 1.05s
2022.10.04 11:46:21 INFO  compiling root-1-arithmetic (1 scala source)
2022.10.04 11:46:22 INFO  time: compiled root-1-arithmetic in 1.07s
2022.10.04 11:46:26 INFO  time: evaluated worksheet 'fos.worksheet.sc' in 1.14s
2022.10.04 11:46:29 INFO  time: evaluated worksheet 'fos.worksheet.sc' in 0.48s
2022.10.04 11:47:06 INFO  compiling root-1-arithmetic (1 scala source)
2022.10.04 11:47:08 INFO  time: compiled root-1-arithmetic in 1.2s
2022.10.04 11:47:09 INFO  time: evaluated worksheet 'fos.worksheet.sc' in 1.04s
2022.10.04 11:47:27 INFO  time: evaluated worksheet 'fos.worksheet.sc' in 0.81s
2022.10.04 11:47:32 INFO  time: evaluated worksheet 'fos.worksheet.sc' in 0.43s
2022.10.04 11:48:32 INFO  compiling root-1-arithmetic (1 scala source)
2022.10.04 11:48:32 INFO  time: compiled root-1-arithmetic in 0.61s
2022.10.04 11:48:37 INFO  time: evaluated worksheet 'fos.worksheet.sc' in 1.05s
2022.10.04 11:48:38 INFO  time: evaluated worksheet 'fos.worksheet.sc' in 1.07s
2022.10.04 11:48:45 INFO  time: evaluated worksheet 'fos.worksheet.sc' in 0.7s
2022.10.04 12:25:47 INFO  time: evaluated worksheet 'fos.worksheet.sc' in 1.21s
2022.10.04 12:28:10 INFO  compiling root-1-arithmetic (1 scala source)
2022.10.04 12:28:10 INFO  time: compiled root-1-arithmetic in 0.91s
2022.10.04 12:28:13 INFO  time: evaluated worksheet 'fos.worksheet.sc' in 1.18s
Oct 04, 2022 12:28:18 PM org.eclipse.lsp4j.jsonrpc.RemoteEndpoint handleCancellation
WARNING: Unmatched cancel notification for request id 2045
2022.10.04 12:28:32 INFO  time: evaluated worksheet 'fos.worksheet.sc' in 0.8s
2022.10.04 12:28:43 INFO  time: evaluated worksheet 'fos.worksheet.sc' in 0.95s
2022.10.04 12:28:58 INFO  time: evaluated worksheet 'fos.worksheet.sc' in 0.81s
2022.10.04 12:29:11 INFO  time: evaluated worksheet 'fos.worksheet.sc' in 0.88s
Oct 04, 2022 12:35:24 PM org.eclipse.lsp4j.jsonrpc.RemoteEndpoint handleCancellation
WARNING: Unmatched cancel notification for request id 2310
2022.10.04 12:39:52 INFO  compiling root-1-arithmetic (1 scala source)
2022.10.04 12:39:52 INFO  time: compiled root-1-arithmetic in 0.79s
2022.10.04 12:39:59 INFO  compiling root-1-arithmetic (1 scala source)
2022.10.04 12:40:00 INFO  time: compiled root-1-arithmetic in 1.3s
2022.10.04 12:40:56 INFO  compiling root-1-arithmetic (1 scala source)
2022.10.04 12:40:57 INFO  time: compiled root-1-arithmetic in 1.03s
2022.10.04 16:12:31 INFO  time: evaluated worksheet 'fos.worksheet.sc' in 1.81s
2022.10.04 16:14:13 INFO  time: evaluated worksheet 'fos.worksheet.sc' in 0.57s
2022.10.04 16:14:47 INFO  compiling root-1-arithmetic (1 scala source)
2022.10.04 16:14:47 INFO  time: compiled root-1-arithmetic in 0.87s
2022.10.04 16:14:50 INFO  time: evaluated worksheet 'fos.worksheet.sc' in 1.7s
2022.10.04 16:15:17 INFO  compiling root-1-arithmetic (1 scala source)
2022.10.04 16:15:17 INFO  time: compiled root-1-arithmetic in 0.7s
2022.10.04 16:16:43 INFO  compiling root-1-arithmetic (1 scala source)
2022.10.04 16:16:43 INFO  time: compiled root-1-arithmetic in 0.94s
2022.10.04 16:17:36 INFO  time: evaluated worksheet 'fos.worksheet.sc' in 1.14s
Oct 04, 2022 4:18:49 PM org.eclipse.lsp4j.jsonrpc.RemoteEndpoint handleCancellation
WARNING: Unmatched cancel notification for request id 2989
Oct 04, 2022 4:18:49 PM org.eclipse.lsp4j.jsonrpc.RemoteEndpoint handleCancellation
WARNING: Unmatched cancel notification for request id 2990
2022.10.04 16:23:17 INFO  compiling root-1-arithmetic (1 scala source)
2022.10.04 16:23:17 INFO  time: compiled root-1-arithmetic in 0.55s
2022.10.04 16:23:21 INFO  time: evaluated worksheet 'fos.worksheet.sc' in 1.42s
Oct 04, 2022 4:23:23 PM org.eclipse.lsp4j.jsonrpc.RemoteEndpoint handleCancellation
WARNING: Unmatched cancel notification for request id 3320
[31merror[39m: src/main/scala/fos/fos.worksheet.sc:15:8: 
Found:    fos.Arithmetic.ParseResult[fos.Term]
Required: fos.Term
reduce(parse("if true then true else false", term))
       ^^^^^^^^^^^^^^^^^^^^^^^^^^^^^^^^^^^^^^^^^^^
2022.10.04 16:24:00 INFO  time: evaluated worksheet 'fos.worksheet.sc' in 0.58s
[31merror[39m: src/main/scala/fos/fos.worksheet.sc:15:1: 
missing argument for parameter t of method reduce in object Arithmetic: (t: fos.Term): fos.Term
reduce()
^^^^^^^^
2022.10.04 16:24:11 INFO  time: evaluated worksheet 'fos.worksheet.sc' in 0.25s
[31merror[39m: src/main/scala/fos/fos.worksheet.sc:15:1: 
missing argument for parameter t of method reduce in object Arithmetic: (t: fos.Term): fos.Term
reduce()
^^^^^^^^
2022.10.04 16:24:22 INFO  time: evaluated worksheet 'fos.worksheet.sc' in 0.23s
2022.10.04 16:24:31 INFO  time: evaluated worksheet 'fos.worksheet.sc' in 1.42s
2022.10.04 16:24:32 INFO  time: evaluated worksheet 'fos.worksheet.sc' in 0.63s
2022.10.04 16:24:59 INFO  time: evaluated worksheet 'fos.worksheet.sc' in 0.61s
Oct 04, 2022 4:25:10 PM org.eclipse.lsp4j.jsonrpc.RemoteEndpoint handleCancellation
WARNING: Unmatched cancel notification for request id 3481
[31merror[39m: src/main/scala/fos/fos.worksheet.sc:6:15: 
Not found: True
parse("true", True)
              ^^^^
[31merror[39m: src/main/scala/fos/fos.worksheet.sc:6:15: 
Not found: True
parse("true", True)
              ^^^^
2022.10.04 16:25:40 INFO  time: evaluated worksheet 'fos.worksheet.sc' in 0.5s
2022.10.04 16:25:56 INFO  time: evaluated worksheet 'fos.worksheet.sc' in 1.08s
2022.10.04 16:26:00 INFO  time: evaluated worksheet 'fos.worksheet.sc' in 0.94s
2022.10.04 16:26:08 INFO  time: evaluated worksheet 'fos.worksheet.sc' in 0.98s
2022.10.04 16:26:31 INFO  time: evaluated worksheet 'fos.worksheet.sc' in 0.5s
2022.10.04 16:27:18 INFO  time: evaluated worksheet 'fos.worksheet.sc' in 0.95s
2022.10.04 16:28:19 INFO  time: evaluated worksheet 'fos.worksheet.sc' in 1.2s
2022.10.04 16:28:24 INFO  time: evaluated worksheet 'fos.worksheet.sc' in 0.43s
2022.10.04 16:28:36 INFO  time: evaluated worksheet 'fos.worksheet.sc' in 1.19s
2022.10.04 16:28:39 INFO  time: evaluated worksheet 'fos.worksheet.sc' in 0.51s
2022.10.04 16:28:52 INFO  time: evaluated worksheet 'fos.worksheet.sc' in 1.05s
2022.10.04 16:29:04 INFO  time: evaluated worksheet 'fos.worksheet.sc' in 0.46s
2022.10.04 16:29:08 INFO  time: evaluated worksheet 'fos.worksheet.sc' in 0.49s
[31merror[39m: src/main/scala/fos/fos.worksheet.sc:17:15: 
Found:    fos.Arithmetic.ParseResult[fos.Term]
Required: fos.Term
reduce(reduce(parse("pred succ 0", term)))
              ^^^^^^^^^^^^^^^^^^^^^^^^^^
2022.10.04 16:29:52 INFO  time: evaluated worksheet 'fos.worksheet.sc' in 0.48s
2022.10.04 16:30:04 INFO  time: evaluated worksheet 'fos.worksheet.sc' in 0.59s
2022.10.04 16:30:20 INFO  file:///Users/marijalazaroska/Desktop/FoundationsOfSoftware/1-arithmetic/src/main/scala/fos/fos.worksheet.sc:17:1: stale mdoc error: scala.MatchError: Zero (of class fos.Zero$)
	at fos.Arithmetic$.reduce(Arithmetic.scala:63)
	at repl.MdocSession$App.<init>(fos.worksheet.sc:63)
	at repl.MdocSession$.app(fos.worksheet.sc:3)

reduce(reduce(parse("pred succ 0", term).get))
^^^^^^^^^^^^^^^^^^^^^^^^^^^^^^^^^^^^^^^^^^^^^^
2022.10.04 16:30:20 INFO  file:///Users/marijalazaroska/Desktop/FoundationsOfSoftware/1-arithmetic/src/main/scala/fos/fos.worksheet.sc:17:1: stale mdoc error: scala.MatchError: Zero (of class fos.Zero$)
	at fos.Arithmetic$.reduce(Arithmetic.scala:63)
	at repl.MdocSession$App.<init>(fos.worksheet.sc:63)
	at repl.MdocSession$.app(fos.worksheet.sc:3)

reduce(reduce(parse("pred succ 0", term).get))
^^^^^^^^^^^^^^^^^^^^^^^^^^^^^^^^^^^^^^^^^^^^^^
2022.10.04 16:30:22 INFO  file:///Users/marijalazaroska/Desktop/FoundationsOfSoftware/1-arithmetic/src/main/scala/fos/fos.worksheet.sc:17:1: stale mdoc error: scala.MatchError: Zero (of class fos.Zero$)
	at fos.Arithmetic$.reduce(Arithmetic.scala:63)
	at repl.MdocSession$App.<init>(fos.worksheet.sc:63)
	at repl.MdocSession$.app(fos.worksheet.sc:3)

reduce(reduce(parse("pred succ 0", term).get))
^^^^^^^^^^^^^^^^^^^^^^^^^^^^^^^^^^^^^^^^^^^^^^
2022.10.04 16:30:22 INFO  file:///Users/marijalazaroska/Desktop/FoundationsOfSoftware/1-arithmetic/src/main/scala/fos/fos.worksheet.sc:17:1: stale mdoc error: scala.MatchError: Zero (of class fos.Zero$)
	at fos.Arithmetic$.reduce(Arithmetic.scala:63)
	at repl.MdocSession$App.<init>(fos.worksheet.sc:63)
	at repl.MdocSession$.app(fos.worksheet.sc:3)

reduce(reduce(parse("pred succ 0", term).get))
^^^^^^^^^^^^^^^^^^^^^^^^^^^^^^^^^^^^^^^^^^^^^^
2022.10.04 16:30:22 INFO  file:///Users/marijalazaroska/Desktop/FoundationsOfSoftware/1-arithmetic/src/main/scala/fos/fos.worksheet.sc:17:1: stale mdoc error: scala.MatchError: Zero (of class fos.Zero$)
	at fos.Arithmetic$.reduce(Arithmetic.scala:63)
	at repl.MdocSession$App.<init>(fos.worksheet.sc:63)
	at repl.MdocSession$.app(fos.worksheet.sc:3)

reduce(reduce(parse("pred succ 0", term).get))
^^^^^^^^^^^^^^^^^^^^^^^^^^^^^^^^^^^^^^^^^^^^^^
2022.10.04 16:30:22 INFO  file:///Users/marijalazaroska/Desktop/FoundationsOfSoftware/1-arithmetic/src/main/scala/fos/fos.worksheet.sc:17:1: stale mdoc error: scala.MatchError: Zero (of class fos.Zero$)
	at fos.Arithmetic$.reduce(Arithmetic.scala:63)
	at repl.MdocSession$App.<init>(fos.worksheet.sc:63)
	at repl.MdocSession$.app(fos.worksheet.sc:3)

reduce(reduce(parse("pred succ 0", term).get))
^^^^^^^^^^^^^^^^^^^^^^^^^^^^^^^^^^^^^^^^^^^^^^
2022.10.04 16:30:23 INFO  file:///Users/marijalazaroska/Desktop/FoundationsOfSoftware/1-arithmetic/src/main/scala/fos/fos.worksheet.sc:17:1: stale mdoc error: scala.MatchError: Zero (of class fos.Zero$)
	at fos.Arithmetic$.reduce(Arithmetic.scala:63)
	at repl.MdocSession$App.<init>(fos.worksheet.sc:63)
	at repl.MdocSession$.app(fos.worksheet.sc:3)

reduce(reduce(parse("pred succ 0", term).get))
^^^^^^^^^^^^^^^^^^^^^^^^^^^^^^^^^^^^^^^^^^^^^^
2022.10.04 16:30:23 INFO  file:///Users/marijalazaroska/Desktop/FoundationsOfSoftware/1-arithmetic/src/main/scala/fos/fos.worksheet.sc:17:1: stale mdoc error: scala.MatchError: Zero (of class fos.Zero$)
	at fos.Arithmetic$.reduce(Arithmetic.scala:63)
	at repl.MdocSession$App.<init>(fos.worksheet.sc:63)
	at repl.MdocSession$.app(fos.worksheet.sc:3)

reduce(reduce(parse("pred succ 0", term).get))
^^^^^^^^^^^^^^^^^^^^^^^^^^^^^^^^^^^^^^^^^^^^^^
2022.10.04 16:30:23 INFO  file:///Users/marijalazaroska/Desktop/FoundationsOfSoftware/1-arithmetic/src/main/scala/fos/fos.worksheet.sc:17:1: stale mdoc error: scala.MatchError: Zero (of class fos.Zero$)
	at fos.Arithmetic$.reduce(Arithmetic.scala:63)
	at repl.MdocSession$App.<init>(fos.worksheet.sc:63)
	at repl.MdocSession$.app(fos.worksheet.sc:3)

reduce(reduce(parse("pred succ 0", term).get))
^^^^^^^^^^^^^^^^^^^^^^^^^^^^^^^^^^^^^^^^^^^^^^
2022.10.04 16:30:24 INFO  file:///Users/marijalazaroska/Desktop/FoundationsOfSoftware/1-arithmetic/src/main/scala/fos/fos.worksheet.sc:17:1: stale mdoc error: scala.MatchError: Zero (of class fos.Zero$)
	at fos.Arithmetic$.reduce(Arithmetic.scala:63)
	at repl.MdocSession$App.<init>(fos.worksheet.sc:63)
	at repl.MdocSession$.app(fos.worksheet.sc:3)

reduce(reduce(parse("pred succ 0", term).get))
^^^^^^^^^^^^^^^^^^^^^^^^^^^^^^^^^^^^^^^^^^^^^^
2022.10.04 16:30:49 INFO  file:///Users/marijalazaroska/Desktop/FoundationsOfSoftware/1-arithmetic/src/main/scala/fos/fos.worksheet.sc:17:1: stale mdoc error: scala.MatchError: Zero (of class fos.Zero$)
	at fos.Arithmetic$.reduce(Arithmetic.scala:63)
	at repl.MdocSession$App.<init>(fos.worksheet.sc:63)
	at repl.MdocSession$.app(fos.worksheet.sc:3)

reduce(reduce(parse("pred succ 0", term).get))
^^^^^^^^^^^^^^^^^^^^^^^^^^^^^^^^^^^^^^^^^^^^^^
2022.10.04 16:30:49 INFO  file:///Users/marijalazaroska/Desktop/FoundationsOfSoftware/1-arithmetic/src/main/scala/fos/fos.worksheet.sc:17:1: stale mdoc error: scala.MatchError: Zero (of class fos.Zero$)
	at fos.Arithmetic$.reduce(Arithmetic.scala:63)
	at repl.MdocSession$App.<init>(fos.worksheet.sc:63)
	at repl.MdocSession$.app(fos.worksheet.sc:3)

reduce(reduce(parse("pred succ 0", term).get))
^^^^^^^^^^^^^^^^^^^^^^^^^^^^^^^^^^^^^^^^^^^^^^
2022.10.04 16:30:49 INFO  file:///Users/marijalazaroska/Desktop/FoundationsOfSoftware/1-arithmetic/src/main/scala/fos/fos.worksheet.sc:17:1: stale mdoc error: scala.MatchError: Zero (of class fos.Zero$)
	at fos.Arithmetic$.reduce(Arithmetic.scala:63)
	at repl.MdocSession$App.<init>(fos.worksheet.sc:63)
	at repl.MdocSession$.app(fos.worksheet.sc:3)

reduce(reduce(parse("pred succ 0", term).get))
^^^^^^^^^^^^^^^^^^^^^^^^^^^^^^^^^^^^^^^^^^^^^^
2022.10.04 16:30:49 INFO  file:///Users/marijalazaroska/Desktop/FoundationsOfSoftware/1-arithmetic/src/main/scala/fos/fos.worksheet.sc:17:1: stale mdoc error: scala.MatchError: Zero (of class fos.Zero$)
	at fos.Arithmetic$.reduce(Arithmetic.scala:63)
	at repl.MdocSession$App.<init>(fos.worksheet.sc:63)
	at repl.MdocSession$.app(fos.worksheet.sc:3)

reduce(reduce(parse("pred succ 0", term).get))
^^^^^^^^^^^^^^^^^^^^^^^^^^^^^^^^^^^^^^^^^^^^^^
2022.10.04 16:30:56 INFO  time: evaluated worksheet 'fos.worksheet.sc' in 1.12s
2022.10.04 16:40:59 INFO  compiling root-1-arithmetic (1 scala source)
2022.10.04 16:40:59 INFO  time: compiled root-1-arithmetic in 0.56s
2022.10.04 16:41:03 INFO  time: evaluated worksheet 'fos.worksheet.sc' in 1.71s
2022.10.04 16:42:02 INFO  time: evaluated worksheet 'fos.worksheet.sc' in 0.69s
Oct 04, 2022 4:43:05 PM org.eclipse.lsp4j.jsonrpc.RemoteEndpoint handleCancellation
WARNING: Unmatched cancel notification for request id 4617
2022.10.04 16:43:25 INFO  time: evaluated worksheet 'fos.worksheet.sc' in 0.98s
2022.10.04 16:44:30 INFO  time: evaluated worksheet 'fos.worksheet.sc' in 0.65s
2022.10.04 16:44:32 INFO  time: evaluated worksheet 'fos.worksheet.sc' in 1.2s
2022.10.04 16:45:03 INFO  compiling root-1-arithmetic (1 scala source)
2022.10.04 16:45:03 INFO  time: compiled root-1-arithmetic in 0.2s
2022.10.04 16:45:05 INFO  time: evaluated worksheet 'fos.worksheet.sc' in 1.27s
2022.10.04 16:45:10 INFO  compiling root-1-arithmetic (1 scala source)
2022.10.04 16:45:10 INFO  time: compiled root-1-arithmetic in 0.48s
2022.10.04 16:45:17 INFO  time: evaluated worksheet 'fos.worksheet.sc' in 1.13s
Oct 04, 2022 4:45:30 PM org.eclipse.lsp4j.jsonrpc.RemoteEndpoint handleCancellation
WARNING: Unmatched cancel notification for request id 4920
2022.10.04 16:45:34 INFO  time: evaluated worksheet 'fos.worksheet.sc' in 1s
2022.10.04 16:46:12 INFO  time: evaluated worksheet 'fos.worksheet.sc' in 0.85s
2022.10.04 16:46:45 INFO  time: evaluated worksheet 'fos.worksheet.sc' in 0.79s
2022.10.04 16:46:56 INFO  time: evaluated worksheet 'fos.worksheet.sc' in 0.55s
2022.10.04 16:47:08 INFO  time: evaluated worksheet 'fos.worksheet.sc' in 0.88s
2022.10.04 16:47:50 INFO  compiling root-1-arithmetic (1 scala source)
2022.10.04 16:47:51 INFO  time: compiled root-1-arithmetic in 0.99s
2022.10.04 16:48:32 INFO  compiling root-1-arithmetic (1 scala source)
2022.10.04 16:48:32 INFO  time: compiled root-1-arithmetic in 0.46s
2022.10.04 16:48:56 INFO  compiling root-1-arithmetic (1 scala source)
2022.10.04 16:48:56 INFO  time: compiled root-1-arithmetic in 0.77s
2022.10.04 16:49:18 INFO  compiling root-1-arithmetic (1 scala source)
2022.10.04 16:49:18 INFO  time: compiled root-1-arithmetic in 0.47s
2022.10.04 16:49:49 INFO  compiling root-1-arithmetic (1 scala source)
2022.10.04 16:49:49 INFO  time: compiled root-1-arithmetic in 0.26s
2022.10.04 16:50:50 INFO  compiling root-1-arithmetic (1 scala source)
2022.10.04 16:50:51 INFO  time: compiled root-1-arithmetic in 1.06s
2022.10.04 16:50:56 INFO  time: evaluated worksheet 'fos.worksheet.sc' in 1.07s
2022.10.04 16:51:17 INFO  time: evaluated worksheet 'fos.worksheet.sc' in 1.01s
2022.10.04 16:51:33 INFO  time: evaluated worksheet 'fos.worksheet.sc' in 0.88s
2022.10.04 16:51:50 INFO  time: evaluated worksheet 'fos.worksheet.sc' in 0.47s
2022.10.04 16:52:10 INFO  time: evaluated worksheet 'fos.worksheet.sc' in 0.58s
2022.10.04 16:52:13 INFO  time: evaluated worksheet 'fos.worksheet.sc' in 0.78s
[31merror[39m: src/main/scala/fos/fos.worksheet.sc:23:8: 
Not found: True
reduce(True)
       ^^^^
2022.10.04 16:53:00 INFO  time: evaluated worksheet 'fos.worksheet.sc' in 0.49s
2022.10.04 16:53:56 INFO  time: evaluated worksheet 'fos.worksheet.sc' in 1.1s
2022.10.04 16:54:21 INFO  time: evaluated worksheet 'fos.worksheet.sc' in 1.24s
2022.10.04 16:54:29 INFO  time: evaluated worksheet 'fos.worksheet.sc' in 0.51s
[31merror[39m: src/main/scala/fos/fos.worksheet.sc:23:8: 
Not found: True
reduce(True)
       ^^^^
2022.10.04 16:54:48 INFO  time: evaluated worksheet 'fos.worksheet.sc' in 0.43s
[31merror[39m: src/main/scala/fos/fos.worksheet.sc:23:8: 
Not found: Zero
reduce(Zero)
       ^^^^
2022.10.04 16:55:04 INFO  time: evaluated worksheet 'fos.worksheet.sc' in 0.2s
2022.10.04 16:55:19 INFO  time: evaluated worksheet 'fos.worksheet.sc' in 0.96s
Oct 04, 2022 4:55:37 PM scala.meta.internal.pc.CompilerAccess handleError
SEVERE: NoDenotation.owner
java.lang.AssertionError: NoDenotation.owner
	at dotty.tools.dotc.core.SymDenotations$NoDenotation$.owner(SymDenotations.scala:2499)
	at scala.meta.internal.pc.SignatureHelpProvider$.isValid(SignatureHelpProvider.scala:88)
	at scala.meta.internal.pc.SignatureHelpProvider$.notCurrentApply(SignatureHelpProvider.scala:101)
	at scala.meta.internal.pc.SignatureHelpProvider$.$anonfun$1(SignatureHelpProvider.scala:49)
	at scala.collection.StrictOptimizedLinearSeqOps.loop$3(LinearSeq.scala:266)
	at scala.collection.StrictOptimizedLinearSeqOps.dropWhile(LinearSeq.scala:268)
	at scala.collection.StrictOptimizedLinearSeqOps.dropWhile$(LinearSeq.scala:264)
	at scala.collection.immutable.List.dropWhile(List.scala:79)
	at scala.meta.internal.pc.SignatureHelpProvider$.signatureHelp(SignatureHelpProvider.scala:49)

[31merror[39m: src/main/scala/fos/fos.worksheet.sc:23:8: 
Not found: Zero
reduce(Zero)
       ^^^^
2022.10.04 16:56:36 INFO  time: evaluated worksheet 'fos.worksheet.sc' in 0.48s
2022.10.04 16:57:40 INFO  time: evaluated worksheet 'fos.worksheet.sc' in 1.11s
2022.10.04 17:04:10 INFO  compiling root-1-arithmetic (1 scala source)
2022.10.04 17:04:10 INFO  time: compiled root-1-arithmetic in 0.75s
2022.10.04 17:05:56 INFO  compiling root-1-arithmetic (1 scala source)
2022.10.04 17:05:56 INFO  time: compiled root-1-arithmetic in 0.94s
2022.10.04 17:07:00 INFO  compiling root-1-arithmetic (1 scala source)
2022.10.04 17:07:00 INFO  time: compiled root-1-arithmetic in 0.81s
2022.10.04 17:07:05 INFO  time: evaluated worksheet 'fos.worksheet.sc' in 1.71s
2022.10.04 17:07:05 INFO  time: evaluated worksheet 'fos.worksheet.sc' in 0.42s
2022.10.04 17:07:41 INFO  compiling root-1-arithmetic (1 scala source)
2022.10.04 17:07:41 INFO  time: compiled root-1-arithmetic in 0.52s
2022.10.04 17:07:44 INFO  time: evaluated worksheet 'fos.worksheet.sc' in 1.09s
2022.10.04 17:08:02 INFO  time: evaluated worksheet 'fos.worksheet.sc' in 0.88s
2022.10.04 17:08:08 INFO  time: evaluated worksheet 'fos.worksheet.sc' in 0.49s
2022.10.04 17:08:11 INFO  time: evaluated worksheet 'fos.worksheet.sc' in 0.83s
Oct 04, 2022 5:08:37 PM org.eclipse.lsp4j.jsonrpc.RemoteEndpoint handleCancellation
WARNING: Unmatched cancel notification for request id 6974
2022.10.04 17:11:04 INFO  compiling root-1-arithmetic (1 scala source)
2022.10.04 17:11:04 INFO  time: compiled root-1-arithmetic in 0.56s
Oct 04, 2022 5:12:59 PM scala.meta.internal.pc.CompilerAccess handleError
SEVERE: NoDenotation.owner
java.lang.AssertionError: NoDenotation.owner
	at dotty.tools.dotc.core.SymDenotations$NoDenotation$.owner(SymDenotations.scala:2499)
	at scala.meta.internal.pc.SignatureHelpProvider$.isValid(SignatureHelpProvider.scala:88)
	at scala.meta.internal.pc.SignatureHelpProvider$.notCurrentApply(SignatureHelpProvider.scala:99)
	at scala.meta.internal.pc.SignatureHelpProvider$.$anonfun$1(SignatureHelpProvider.scala:49)
	at scala.collection.StrictOptimizedLinearSeqOps.loop$3(LinearSeq.scala:266)
	at scala.collection.StrictOptimizedLinearSeqOps.dropWhile(LinearSeq.scala:268)
	at scala.collection.StrictOptimizedLinearSeqOps.dropWhile$(LinearSeq.scala:264)
	at scala.collection.immutable.List.dropWhile(List.scala:79)
	at scala.meta.internal.pc.SignatureHelpProvider$.signatureHelp(SignatureHelpProvider.scala:49)

2022.10.04 17:13:36 INFO  compiling root-1-arithmetic (1 scala source)
2022.10.04 17:13:37 INFO  time: compiled root-1-arithmetic in 1.1s
2022.10.05 19:38:44 INFO  shutting down Metals
2022.10.05 19:38:44 INFO  Shut down connection with build server.
2022.10.05 19:38:44 INFO  Shut down connection with build server.
