[debug] > Exec(early(addDefaultCommands), None, None)
[debug] > Exec(addDefaultCommands, None, None)
[debug] > Exec(early(initialize), None, None)
[debug] > Exec(initialize, None, None)
[debug] > Exec(boot, None, None)
[debug] > Exec(writeSbtVersion, None, None)
[debug] > Exec(reload, None, None)
[debug] > Exec(sbtStashOnFailure, None, None)
[debug] > Exec(onFailure loadFailed, None, None)
[debug] > Exec(loadp, None, None)
[info] welcome to sbt 1.7.2 (Homebrew Java 11.0.16.1)
[debug] Load.defaultLoad until apply took 107.120083ms
[debug]                 Load.loadUnit: plugins took 73.036625ms
[debug]                 Load.loadUnit: defsScala took 0.24325ms
[debug] [Loading] Scanning directory /Users/amey2704/Documents/Fall22/FOS/FoS/5-inference/project/project
[debug]                   Load.loadUnit: mkEval took 8.708625ms
[debug] [Loading] Found non-root projects 
[debug] [Loading] Done in /Users/amey2704/Documents/Fall22/FOS/FoS/5-inference/project/project, returning: ()
[debug] deducing auto plugins based on known facts Set(Atom(sbt.plugins.CorePlugin)) and clauses Clauses(Clause(Atom(sbt.plugins.JvmPlugin),Set(Atom(sbt.plugins.IvyPlugin)))
[debug] Clause(Atom(sbt.ScriptedPlugin),Set(Atom(sbt.plugins.JvmPlugin)))
[debug] Clause(Atom(sbt.plugins.SbtPlugin),Set(Atom(sbt.ScriptedPlugin)))
[debug] Clause(Atom(sbt.plugins.SemanticdbPlugin),Set(Atom(sbt.plugins.JvmPlugin)))
[debug] Clause(Atom(sbt.plugins.JUnitXmlReportPlugin),Set(Atom(sbt.plugins.JvmPlugin)))
[debug] Clause(Atom(sbt.plugins.MiniDependencyTreePlugin),Set(Atom(sbt.plugins.JvmPlugin)))
[debug] Clause(Atom(sbt.plugins.CorePlugin),Set(Atom(sbt.plugins.IvyPlugin)))
[debug] Clause(Atom(sbt.plugins.IvyPlugin),Set(Atom(sbt.plugins.JvmPlugin)))
[debug] Clause(Atom(sbt.plugins.JvmPlugin),Set(Atom(sbt.plugins.SemanticdbPlugin)))
[debug] Clause(Atom(sbt.plugins.JvmPlugin),Set(Atom(sbt.plugins.JUnitXmlReportPlugin)))
[debug] Clause(Atom(sbt.plugins.CorePlugin),Set(Atom(sbt.plugins.Giter8TemplatePlugin)))
[debug] Clause(Atom(sbt.plugins.JvmPlugin),Set(Atom(sbt.plugins.MiniDependencyTreePlugin))))
[debug]   :: deduced result: Matched(sbt.plugins.CorePlugin,sbt.plugins.Giter8TemplatePlugin,sbt.plugins.IvyPlugin,sbt.plugins.JvmPlugin,sbt.plugins.MiniDependencyTreePlugin,sbt.plugins.JUnitXmlReportPlugin,sbt.plugins.SemanticdbPlugin)
[debug] Plugins.deducer#function took 10.191125 ms
[info] loading settings for project root-5-inference-build-build from metals.sbt ...
[debug]                     Load.resolveProject(root-5-inference-build-build) took 38.035292ms
[debug]                   Load.loadTransitive: finalizeProject(Project(id root-5-inference-build-build, base: /Users/amey2704/Documents/Fall22/FOS/FoS/5-inference/project/project, plugins: List(<none>))) took 73.378042ms
[debug] [Loading] Done in /Users/amey2704/Documents/Fall22/FOS/FoS/5-inference/project/project, returning: (root-5-inference-build-build)
[debug]                 Load.loadUnit: loadedProjectsRaw took 524.57175ms
[debug]                 Load.loadUnit: cleanEvalClasses took 2.954209ms
[debug]               Load.loadUnit(file:/Users/amey2704/Documents/Fall22/FOS/FoS/5-inference/project/project/, ...) took 605.567625ms
[debug]             Load.apply: load took 758.958667ms
[debug]             Load.apply: resolveProjects took 3.500709ms
[debug]             Load.apply: finalTransforms took 45.440875ms
[debug]             Load.apply: config.delegates took 6.8105ms
[debug]             Load.apply: Def.make(settings)... took 405.392875ms
[debug]             Load.apply: structureIndex took 84.353458ms
[debug]             Load.apply: mkStreams took 1.559959ms
[info] loading project definition from /Users/amey2704/Documents/Fall22/FOS/FoS/5-inference/project/project
[debug] Running task... Cancel: Signal, check cycles: false, forcegc: true
[debug]           Load.loadUnit: plugins took 2265.754417ms
[debug]           Load.loadUnit: defsScala took 0.004334ms
[debug] [Loading] Scanning directory /Users/amey2704/Documents/Fall22/FOS/FoS/5-inference/project
[debug]             Load.loadUnit: mkEval took 0.236291ms
[debug] [Loading] Found non-root projects 
[debug] [Loading] Done in /Users/amey2704/Documents/Fall22/FOS/FoS/5-inference/project, returning: ()
[debug] deducing auto plugins based on known facts Set(Atom(sbt.plugins.CorePlugin)) and clauses Clauses(Clause(Atom(sbt.plugins.JvmPlugin),Set(Atom(sbt.plugins.IvyPlugin)))
[debug] Clause(Atom(sbt.ScriptedPlugin),Set(Atom(sbt.plugins.JvmPlugin)))
[debug] Clause(Atom(sbt.plugins.SbtPlugin),Set(Atom(sbt.ScriptedPlugin)))
[debug] Clause(Atom(sbt.plugins.SemanticdbPlugin),Set(Atom(sbt.plugins.JvmPlugin)))
[debug] Clause(Atom(sbt.plugins.JUnitXmlReportPlugin),Set(Atom(sbt.plugins.JvmPlugin)))
[debug] Clause(Atom(sbt.plugins.MiniDependencyTreePlugin),Set(Atom(sbt.plugins.JvmPlugin)))
[debug] Clause(Atom(bloop.integrations.sbt.BloopPlugin),Set(Atom(sbt.plugins.JvmPlugin)))
[debug] Clause(Atom(sbt.plugins.CorePlugin),Set(Atom(sbt.plugins.IvyPlugin)))
[debug] Clause(Atom(sbt.plugins.IvyPlugin),Set(Atom(sbt.plugins.JvmPlugin)))
[debug] Clause(Atom(sbt.plugins.JvmPlugin),Set(Atom(sbt.plugins.SemanticdbPlugin)))
[debug] Clause(Atom(sbt.plugins.JvmPlugin),Set(Atom(sbt.plugins.JUnitXmlReportPlugin)))
[debug] Clause(Atom(sbt.plugins.CorePlugin),Set(Atom(sbt.plugins.Giter8TemplatePlugin)))
[debug] Clause(Atom(sbt.plugins.JvmPlugin),Set(Atom(sbt.plugins.MiniDependencyTreePlugin)))
[debug] Clause(Atom(sbt.plugins.JvmPlugin),Set(Atom(bloop.integrations.sbt.BloopPlugin))))
[debug]   :: deduced result: Matched(sbt.plugins.CorePlugin,sbt.plugins.Giter8TemplatePlugin,sbt.plugins.IvyPlugin,sbt.plugins.JvmPlugin,bloop.integrations.sbt.BloopPlugin,sbt.plugins.MiniDependencyTreePlugin,sbt.plugins.JUnitXmlReportPlugin,sbt.plugins.SemanticdbPlugin)
[debug] Plugins.deducer#function took 2.016625 ms
[info] loading settings for project root-5-inference-build from metals.sbt ...
[debug]               Load.resolveProject(root-5-inference-build) took 17.9985ms
[debug]             Load.loadTransitive: finalizeProject(Project(id root-5-inference-build, base: /Users/amey2704/Documents/Fall22/FOS/FoS/5-inference/project, plugins: List(<none>))) took 20.584875ms
[debug] [Loading] Done in /Users/amey2704/Documents/Fall22/FOS/FoS/5-inference/project, returning: (root-5-inference-build)
[debug]           Load.loadUnit: loadedProjectsRaw took 40.535ms
[debug]           Load.loadUnit: cleanEvalClasses took 0.488667ms
[debug]         Load.loadUnit(file:/Users/amey2704/Documents/Fall22/FOS/FoS/5-inference/project/, ...) took 2307.504958ms
[debug]       Load.apply: load took 2309.173833ms
[debug]       Load.apply: resolveProjects took 0.1175ms
[debug]       Load.apply: finalTransforms took 18.572ms
[debug]       Load.apply: config.delegates took 0.2575ms
[debug]       Load.apply: Def.make(settings)... took 92.726917ms
[debug]       Load.apply: structureIndex took 29.334375ms
[debug]       Load.apply: mkStreams took 0.00325ms
[info] loading project definition from /Users/amey2704/Documents/Fall22/FOS/FoS/5-inference/project
[debug] Evaluating tasks: bloopInstall
[debug] Running task... Cancel: Signal, check cycles: false, forcegc: true
